<?xml version="1.0" encoding="UTF-8"?>
<!-- Generated by org.testng.reporters.JUnitReportReporter -->
<testsuite hostname="DVA-90KBL20-L" name="com.seleniummaster.comparepdf.CompareMultiplePdfFiles" tests="1" failures="0" timestamp="24 May 2018 17:24:30 GMT" time="1.101" errors="0">
  <testcase name="CompareTextInTwoPdfs" time="1.101" classname="com.seleniummaster.comparepdf.CompareMultiplePdfFiles"/>
</testsuite> <!-- com.seleniummaster.comparepdf.CompareMultiplePdfFiles -->
