<?xml version="1.0" encoding="UTF-8"?>
<!-- Generated by org.testng.reporters.JUnitReportReporter -->
<testsuite hostname="DVA-90KBL20-L" name="com.seleniummaster.comparepdf.ComparePdfFiles" tests="1" failures="0" timestamp="23 Feb 2018 22:13:26 GMT" time="1.491" errors="0">
  <testcase name="CompareTextInTwoPdfs" time="1.491" classname="com.seleniummaster.comparepdf.ComparePdfFiles"/>
</testsuite> <!-- com.seleniummaster.comparepdf.ComparePdfFiles -->
